<?xml version="1.0" encoding="utf-8"?><testsuites><testsuite name="pytest" errors="0" failures="0" skipped="0" tests="0" time="316.631" timestamp="2025-01-28T13:26:37.112730+01:00" hostname="Gerard" /></testsuites>